<?xml version="1.0" encoding="UTF-8"?>
<!-- Generated by org.testng.reporters.JUnitReportReporter -->
<testsuite hostname="EC2AMAZ-D04857E" name="sample.SampleSelenium" tests="1" failures="0" timestamp="14 Jul 2021 18:21:15 GMT" time="7.357" errors="0">
  <testcase name="method1" time="7.357" classname="sample.SampleSelenium"/>
</testsuite> <!-- sample.SampleSelenium -->
